<?xml version="1.0" encoding="UTF-8"?>
<testng-results skipped="0" failed="0" ignored="0" total="1" passed="1">
  <reporter-output>
  </reporter-output>
  <suite name="Default suite" duration-ms="24198" started-at="2019-11-27T13:55:06Z" finished-at="2019-11-27T13:55:31Z">
    <groups>
    </groups>
    <test name="Default test" duration-ms="24198" started-at="2019-11-27T13:55:06Z" finished-at="2019-11-27T13:55:31Z">
      <class name="com.booking.testcases.FlightBookingTest">
        <test-method status="PASS" signature="setup()[pri:0, instance:com.booking.testcases.FlightBookingTest@1e88b3c]" name="setup" is-config="true" duration-ms="12328" started-at="2019-11-27T19:25:06Z" finished-at="2019-11-27T19:25:19Z">
          <reporter-output>
          </reporter-output>
        </test-method> <!-- setup -->
        <test-method status="PASS" signature="flightbooking()[pri:0, instance:com.booking.testcases.FlightBookingTest@1e88b3c]" name="flightbooking" duration-ms="11847" started-at="2019-11-27T19:25:19Z" finished-at="2019-11-27T19:25:31Z">
          <reporter-output>
          </reporter-output>
        </test-method> <!-- flightbooking -->
      </class> <!-- com.booking.testcases.FlightBookingTest -->
    </test> <!-- Default test -->
  </suite> <!-- Default suite -->
</testng-results>
